<?xml version="1.0" encoding="UTF-8"?>
<!-- Generated by org.testng.reporters.JUnitXMLReporter -->
<testsuite ignored="0" hostname="SWT-LTOP-995" failures="1" tests="2" name="Test" time="18.985" errors="0" timestamp="2025-02-17T19:31:33 IST">
  <testcase classname="testCases.TC_001_AccountRegistrationtTest" name="test_account_Registration" time="3.732"/>
  <testcase classname="testCases.TC_002_LoginTest" name="test_Login" time="11.015">
    <failure type="java.lang.AssertionError" message="expected [true] but found [false]">
      <![CDATA[java.lang.AssertionError: expected [true] but found [false]
at testCases.TC_002_LoginTest.test_Login(TC_002_LoginTest.java:38)
at java.base/java.util.ArrayList.forEach(ArrayList.java:1597)
... Removed 32 stack frames]]>
    </failure>
  </testcase> <!-- test_Login -->
</testsuite> <!-- Test -->
